<?xml version="1.0" encoding="UTF-8"?>
<!-- Generated by org.testng.reporters.JUnitReportReporter -->
<testsuite hostname="DESKTOP-2847OT3" name="com.autodeskcrm.contacttest.CreateContactWtOrgTest" tests="1" failures="0" timestamp="4 Aug 2020 17:23:50 GMT" time="45.332" errors="0">
  <testcase name="createContact" time="45.332" classname="com.autodeskcrm.contacttest.CreateContactWtOrgTest"/>
</testsuite> <!-- com.autodeskcrm.contacttest.CreateContactWtOrgTest -->
