<?xml version="1.0" encoding="UTF-8"?>
<!-- Generated by org.testng.reporters.JUnitReportReporter -->
<testsuite hostname="DESKTOP-2847OT3" name="com.autodeskcrm.contacttest.DeleteContactWithOrgTest" tests="1" failures="0" timestamp="4 Aug 2020 19:09:11 GMT" time="68.004" errors="0">
  <testcase name="deleteContactWithOrg" time="68.004" classname="com.autodeskcrm.contacttest.DeleteContactWithOrgTest"/>
</testsuite> <!-- com.autodeskcrm.contacttest.DeleteContactWithOrgTest -->
