<?xml version="1.0" encoding="UTF-8"?>
<!-- Generated by org.testng.reporters.JUnitReportReporter -->
<testsuite hostname="DESKTOP-2847OT3" name="com.autodeskcrm.orgtest.DeleteOrganization" tests="1" failures="0" timestamp="4 Aug 2020 04:29:09 GMT" time="53.448" errors="0">
  <testcase name="deleteOrganization" time="53.448" classname="com.autodeskcrm.orgtest.DeleteOrganization"/>
</testsuite> <!-- com.autodeskcrm.orgtest.DeleteOrganization -->
