<?xml version="1.0" encoding="UTF-8"?>
<!-- Generated by org.testng.reporters.JUnitReportReporter -->
<testsuite hostname="DESKTOP-2847OT3" name="com.autodeskcrm.orgtest.DeleteOrganizationTest" tests="1" failures="0" timestamp="4 Aug 2020 05:55:41 GMT" time="51.347" errors="0">
  <testcase name="deleteOrganization" time="51.347" classname="com.autodeskcrm.orgtest.DeleteOrganizationTest"/>
</testsuite> <!-- com.autodeskcrm.orgtest.DeleteOrganizationTest -->
