<?xml version="1.0" encoding="UTF-8"?>
<!-- Generated by org.testng.reporters.JUnitReportReporter -->
<testsuite hostname="DESKTOP-2847OT3" name="com.autodeskcrm.orgtest.CreateOrganizationTest" tests="1" failures="0" timestamp="4 Aug 2020 10:58:47 GMT" time="42.319" errors="0">
  <testcase name="createOrg" time="42.319" classname="com.autodeskcrm.orgtest.CreateOrganizationTest"/>
</testsuite> <!-- com.autodeskcrm.orgtest.CreateOrganizationTest -->
